<?xml version="1.0" encoding="UTF-8"?>
<testsuite xmlns:xsi="http://www.w3.org/2001/XMLSchema-instance" xsi:noNamespaceSchemaLocation="https://maven.apache.org/surefire/maven-surefire-plugin/xsd/surefire-test-report.xsd" name="com.example.ContactoTest" time="0.044" tests="10" errors="0" skipped="0" failures="0">
  <properties>
[...]
</properties>
  <testcase name="crear_1000_contactos_validos_Test" classname="com.example.ContactoTest" time="0.022"/>
  <testcase name="crear_correo_electronico_con_10_destinatario_Test" classname="com.example.ContactoTest" time="0"/>
  <testcase name="crear_10_contactos_validados_correctamente_Test" classname="com.example.ContactoTest" time="0.001"/>
  <testcase name="crear_correo_electronico_con_100_destinatarios_Test" classname="com.example.ContactoTest" time="0"/>
  <testcase name="verificar_que_el_mail_se_envia_y_se_almacena_en_bandeja_de_salida_Test" classname="com.example.ContactoTest" time="0.001"/>
  <testcase name="crear_correo_electronico_con_las_propiedades_Test" classname="com.example.ContactoTest" time="0.002"/>
  <testcase name="crear_un_contacto_invalido_Test" classname="com.example.ContactoTest" time="0"/>
  <testcase name="crear_1000_contactos_invalidos_Test" classname="com.example.ContactoTest" time="0.004"/>
  <testcase name="crear_un_contacto_correctamente_Test" classname="com.example.ContactoTest" time="0"/>
  <testcase name="crear_100_contactos_validos_Test" classname="com.example.ContactoTest" time="0.001"/>
</testsuite>