<?xml version="1.0" encoding="UTF-8"?>
<testsuite xmlns:xsi="http://www.w3.org/2001/XMLSchema-instance" xsi:noNamespaceSchemaLocation="https://maven.apache.org/surefire/maven-surefire-plugin/xsd/surefire-test-report.xsd" name="com.example.ContactoTest" time="0.196" tests="24" errors="0" skipped="0" failures="0">
  <properties>
[...]
</properties>
  <testcase name="crear_100_contactos_invalidos_Test" classname="com.example.ContactoTest" time="0.065"/>
  <testcase name="crear_1000_contactos_validos_Test" classname="com.example.ContactoTest" time="0.028"/>
  <testcase name="crear_correo_electronico_con_10_destinatario_Test" classname="com.example.ContactoTest" time="0.005"/>
  <testcase name="crear_10_contactos_validados_correctamente_Test" classname="com.example.ContactoTest" time="0.002"/>
  <testcase name="filtro_asunto_bandeja_salida_Test" classname="com.example.ContactoTest" time="0.003"/>
  <testcase name="filtro_complejo_asunto_remitente_y_contenido_fallido_bandeja_de_entrada_Test" classname="com.example.ContactoTest" time="0.002"/>
  <testcase name="crear_correo_electronico_con_100_destinatarios_Test" classname="com.example.ContactoTest" time="0.003"/>
  <testcase name="verificar_que_el_mail_se_envia_y_se_almacena_en_bandeja_de_salida_Test" classname="com.example.ContactoTest" time="0.001"/>
  <testcase name="varios_destinatarios_reciben_el_correo_en_bandeja_de_entrada_Test" classname="com.example.ContactoTest" time="0.001"/>
  <testcase name="enviar_mas_de_un_correo_y_que_se_almacene_bandeja_de_entrada_del_destinatario_y_bandeja_de_salida_del_remitente_Test" classname="com.example.ContactoTest" time="0.001"/>
  <testcase name="crear_correo_electronico_con_las_propiedades_Test" classname="com.example.ContactoTest" time="0.001"/>
  <testcase name="crear_un_contacto_invalido_Test" classname="com.example.ContactoTest" time="0.001"/>
  <testcase name="filtro_complejo_asunto_remitente_y_contenido_bandeja_de_entrada_Test" classname="com.example.ContactoTest" time="0.001"/>
  <testcase name="filtro_complejo_asunto_y_remitente_bandeja_de_entrada_Test" classname="com.example.ContactoTest" time="0.005"/>
  <testcase name="filtrar_por_asunto_bandeja_de_entrada_Test" classname="com.example.ContactoTest" time="0.001"/>
  <testcase name="agregar_destinatario_test" classname="com.example.ContactoTest" time="0.001"/>
  <testcase name="crear_10_contactos_invalidos_Test" classname="com.example.ContactoTest" time="0.002"/>
  <testcase name="filtrar_por_remitente_bandeja_de_entrada_Test" classname="com.example.ContactoTest" time="0.001"/>
  <testcase name="filtrar_por_destinatario_bandeja_de_entrada_Test" classname="com.example.ContactoTest" time="0.002"/>
  <testcase name="filtrar_por_contenido_bandeja_de_entrada_Test" classname="com.example.ContactoTest" time="0.002"/>
  <testcase name="crear_1000_contactos_invalidos_Test" classname="com.example.ContactoTest" time="0.026"/>
  <testcase name="crear_un_contacto_correctamente_Test" classname="com.example.ContactoTest" time="0.001"/>
  <testcase name="filtro_complejo_asunto_y_destinatario_bandeja_de_entrada_Test" classname="com.example.ContactoTest" time="0.002"/>
  <testcase name="crear_100_contactos_validos_Test" classname="com.example.ContactoTest" time="0.002"/>
</testsuite>